C:\Users\mauricio\Documents\MediaLab\openframeworks\addons\_medialab\myFaceTracker\bin\blinkSpace_debug.lib
C:\Users\mauricio\Documents\MediaLab\openframeworks\addons\_medialab\myFaceTracker\bin\blinkSpace_debug.exp
C:\USERS\MAURICIO\DOCUMENTS\MEDIALAB\OPENFRAMEWORKS\ADDONS\_MEDIALAB\MYFACETRACKER\OBJ\DEBUG\FACEANALIZER.OBJ
C:\USERS\MAURICIO\DOCUMENTS\MEDIALAB\OPENFRAMEWORKS\ADDONS\_MEDIALAB\MYFACETRACKER\OBJ\DEBUG\FACEDATA.OBJ
C:\USERS\MAURICIO\DOCUMENTS\MEDIALAB\OPENFRAMEWORKS\ADDONS\_MEDIALAB\MYFACETRACKER\OBJ\DEBUG\FACEFRAME.OBJ
C:\USERS\MAURICIO\DOCUMENTS\MEDIALAB\OPENFRAMEWORKS\ADDONS\_MEDIALAB\MYFACETRACKER\OBJ\DEBUG\FACEFRAMEWALRUS.OBJ
C:\USERS\MAURICIO\DOCUMENTS\MEDIALAB\OPENFRAMEWORKS\ADDONS\_MEDIALAB\MYFACETRACKER\OBJ\DEBUG\FACESMANAGERWALRUS.OBJ
C:\USERS\MAURICIO\DOCUMENTS\MEDIALAB\OPENFRAMEWORKS\ADDONS\_MEDIALAB\MYFACETRACKER\OBJ\DEBUG\FACESMANAGERTRACES.OBJ
C:\USERS\MAURICIO\DOCUMENTS\MEDIALAB\OPENFRAMEWORKS\ADDONS\_MEDIALAB\MYFACETRACKER\OBJ\DEBUG\FACETRACKERMANAGER.OBJ
C:\USERS\MAURICIO\DOCUMENTS\MEDIALAB\OPENFRAMEWORKS\ADDONS\_MEDIALAB\MYFACETRACKER\OBJ\DEBUG\FACEWALRUS.OBJ
C:\USERS\MAURICIO\DOCUMENTS\MEDIALAB\OPENFRAMEWORKS\ADDONS\_MEDIALAB\MYFACETRACKER\OBJ\DEBUG\FTHELPER.OBJ
C:\USERS\MAURICIO\DOCUMENTS\MEDIALAB\OPENFRAMEWORKS\ADDONS\_MEDIALAB\MYFACETRACKER\OBJ\DEBUG\KINECTMANAGER.OBJ
C:\USERS\MAURICIO\DOCUMENTS\MEDIALAB\OPENFRAMEWORKS\ADDONS\_MEDIALAB\MYFACETRACKER\OBJ\DEBUG\KINECTSENSOR.OBJ
C:\USERS\MAURICIO\DOCUMENTS\MEDIALAB\OPENFRAMEWORKS\ADDONS\_MEDIALAB\MYFACETRACKER\OBJ\DEBUG\MAIN.OBJ
C:\USERS\MAURICIO\DOCUMENTS\MEDIALAB\OPENFRAMEWORKS\ADDONS\_MEDIALAB\MYFACETRACKER\OBJ\DEBUG\MATRIXVIBROSOUND.OBJ
C:\USERS\MAURICIO\DOCUMENTS\MEDIALAB\OPENFRAMEWORKS\ADDONS\_MEDIALAB\MYFACETRACKER\OBJ\DEBUG\MIDIGENERATOR.OBJ
C:\USERS\MAURICIO\DOCUMENTS\MEDIALAB\OPENFRAMEWORKS\ADDONS\_MEDIALAB\MYFACETRACKER\OBJ\DEBUG\TRACES.OBJ
C:\USERS\MAURICIO\DOCUMENTS\MEDIALAB\OPENFRAMEWORKS\ADDONS\_MEDIALAB\MYFACETRACKER\OBJ\DEBUG\STDAFX.OBJ
C:\USERS\MAURICIO\DOCUMENTS\MEDIALAB\OPENFRAMEWORKS\ADDONS\_MEDIALAB\MYFACETRACKER\OBJ\DEBUG\TOM.OBJ
C:\USERS\MAURICIO\DOCUMENTS\MEDIALAB\OPENFRAMEWORKS\ADDONS\_MEDIALAB\MYFACETRACKER\OBJ\DEBUG\VIBRATIONGENERATOR.OBJ
C:\USERS\MAURICIO\DOCUMENTS\MEDIALAB\OPENFRAMEWORKS\ADDONS\_MEDIALAB\MYFACETRACKER\OBJ\DEBUG\VIBRATIONPATTERN.OBJ
C:\USERS\MAURICIO\DOCUMENTS\MEDIALAB\OPENFRAMEWORKS\ADDONS\_MEDIALAB\MYFACETRACKER\OBJ\DEBUG\VISUALIZE.OBJ
C:\USERS\MAURICIO\DOCUMENTS\MEDIALAB\OPENFRAMEWORKS\ADDONS\_MEDIALAB\MYFACETRACKER\OBJ\DEBUG\OFXCVSHORTIMAGE.OBJ
C:\USERS\MAURICIO\DOCUMENTS\MEDIALAB\OPENFRAMEWORKS\ADDONS\_MEDIALAB\MYFACETRACKER\OBJ\DEBUG\IPENDPOINTNAME.OBJ
C:\USERS\MAURICIO\DOCUMENTS\MEDIALAB\OPENFRAMEWORKS\ADDONS\_MEDIALAB\MYFACETRACKER\OBJ\DEBUG\NETWORKINGUTILS.OBJ
C:\USERS\MAURICIO\DOCUMENTS\MEDIALAB\OPENFRAMEWORKS\ADDONS\_MEDIALAB\MYFACETRACKER\OBJ\DEBUG\UDPSOCKET.OBJ
C:\USERS\MAURICIO\DOCUMENTS\MEDIALAB\OPENFRAMEWORKS\ADDONS\_MEDIALAB\MYFACETRACKER\OBJ\DEBUG\NETWORKINGUTILSWIN.OBJ
C:\USERS\MAURICIO\DOCUMENTS\MEDIALAB\OPENFRAMEWORKS\ADDONS\_MEDIALAB\MYFACETRACKER\OBJ\DEBUG\UDPSOCKETWIN.OBJ
C:\USERS\MAURICIO\DOCUMENTS\MEDIALAB\OPENFRAMEWORKS\ADDONS\_MEDIALAB\MYFACETRACKER\OBJ\DEBUG\OSCOUTBOUNDPACKETSTREAM.OBJ
C:\USERS\MAURICIO\DOCUMENTS\MEDIALAB\OPENFRAMEWORKS\ADDONS\_MEDIALAB\MYFACETRACKER\OBJ\DEBUG\OSCPRINTRECEIVEDELEMENTS.OBJ
C:\USERS\MAURICIO\DOCUMENTS\MEDIALAB\OPENFRAMEWORKS\ADDONS\_MEDIALAB\MYFACETRACKER\OBJ\DEBUG\OSCRECEIVEDELEMENTS.OBJ
C:\USERS\MAURICIO\DOCUMENTS\MEDIALAB\OPENFRAMEWORKS\ADDONS\_MEDIALAB\MYFACETRACKER\OBJ\DEBUG\OSCTYPES.OBJ
C:\USERS\MAURICIO\DOCUMENTS\MEDIALAB\OPENFRAMEWORKS\ADDONS\_MEDIALAB\MYFACETRACKER\OBJ\DEBUG\OFXOSCBUNDLE.OBJ
C:\USERS\MAURICIO\DOCUMENTS\MEDIALAB\OPENFRAMEWORKS\ADDONS\_MEDIALAB\MYFACETRACKER\OBJ\DEBUG\OFXOSCMESSAGE.OBJ
C:\USERS\MAURICIO\DOCUMENTS\MEDIALAB\OPENFRAMEWORKS\ADDONS\_MEDIALAB\MYFACETRACKER\OBJ\DEBUG\OFXOSCRECEIVER.OBJ
C:\USERS\MAURICIO\DOCUMENTS\MEDIALAB\OPENFRAMEWORKS\ADDONS\_MEDIALAB\MYFACETRACKER\OBJ\DEBUG\OFXOSCSENDER.OBJ
C:\USERS\MAURICIO\DOCUMENTS\MEDIALAB\OPENFRAMEWORKS\ADDONS\_MEDIALAB\MYFACETRACKER\OBJ\DEBUG\TINYXML.OBJ
C:\USERS\MAURICIO\DOCUMENTS\MEDIALAB\OPENFRAMEWORKS\ADDONS\_MEDIALAB\MYFACETRACKER\OBJ\DEBUG\TINYXMLERROR.OBJ
C:\USERS\MAURICIO\DOCUMENTS\MEDIALAB\OPENFRAMEWORKS\ADDONS\_MEDIALAB\MYFACETRACKER\OBJ\DEBUG\TINYXMLPARSER.OBJ
C:\USERS\MAURICIO\DOCUMENTS\MEDIALAB\OPENFRAMEWORKS\ADDONS\_MEDIALAB\MYFACETRACKER\OBJ\DEBUG\OFXXMLSETTINGS.OBJ
C:\USERS\MAURICIO\DOCUMENTS\MEDIALAB\OPENFRAMEWORKS\ADDONS\_MEDIALAB\MYFACETRACKER\OBJ\DEBUG\RTMIDI.OBJ
C:\USERS\MAURICIO\DOCUMENTS\MEDIALAB\OPENFRAMEWORKS\ADDONS\_MEDIALAB\MYFACETRACKER\OBJ\DEBUG\CHROMATION.OBJ
C:\USERS\MAURICIO\DOCUMENTS\MEDIALAB\OPENFRAMEWORKS\ADDONS\_MEDIALAB\MYFACETRACKER\OBJ\DEBUG\OFXRTMIDIIN.OBJ
C:\USERS\MAURICIO\DOCUMENTS\MEDIALAB\OPENFRAMEWORKS\ADDONS\_MEDIALAB\MYFACETRACKER\OBJ\DEBUG\OFXRTMIDIOUT.OBJ
C:\USERS\MAURICIO\DOCUMENTS\MEDIALAB\OPENFRAMEWORKS\ADDONS\_MEDIALAB\MYFACETRACKER\OBJ\DEBUG\OFXBASEMIDI.OBJ
C:\USERS\MAURICIO\DOCUMENTS\MEDIALAB\OPENFRAMEWORKS\ADDONS\_MEDIALAB\MYFACETRACKER\OBJ\DEBUG\OFXMIDI.OBJ
C:\USERS\MAURICIO\DOCUMENTS\MEDIALAB\OPENFRAMEWORKS\ADDONS\_MEDIALAB\MYFACETRACKER\OBJ\DEBUG\OFXMIDIIN.OBJ
C:\USERS\MAURICIO\DOCUMENTS\MEDIALAB\OPENFRAMEWORKS\ADDONS\_MEDIALAB\MYFACETRACKER\OBJ\DEBUG\OFXMIDIMESSAGE.OBJ
C:\USERS\MAURICIO\DOCUMENTS\MEDIALAB\OPENFRAMEWORKS\ADDONS\_MEDIALAB\MYFACETRACKER\OBJ\DEBUG\OFXMIDIOUT.OBJ
C:\USERS\MAURICIO\DOCUMENTS\MEDIALAB\OPENFRAMEWORKS\ADDONS\_MEDIALAB\MYFACETRACKER\OBJ\DEBUG\OFXCVCOLORIMAGE.OBJ
C:\USERS\MAURICIO\DOCUMENTS\MEDIALAB\OPENFRAMEWORKS\ADDONS\_MEDIALAB\MYFACETRACKER\OBJ\DEBUG\OFXCVCONTOURFINDER.OBJ
C:\USERS\MAURICIO\DOCUMENTS\MEDIALAB\OPENFRAMEWORKS\ADDONS\_MEDIALAB\MYFACETRACKER\OBJ\DEBUG\OFXCVFLOATIMAGE.OBJ
C:\USERS\MAURICIO\DOCUMENTS\MEDIALAB\OPENFRAMEWORKS\ADDONS\_MEDIALAB\MYFACETRACKER\OBJ\DEBUG\OFXCVGRAYSCALEIMAGE.OBJ
C:\USERS\MAURICIO\DOCUMENTS\MEDIALAB\OPENFRAMEWORKS\ADDONS\_MEDIALAB\MYFACETRACKER\OBJ\DEBUG\OFXCVHAARFINDER.OBJ
C:\USERS\MAURICIO\DOCUMENTS\MEDIALAB\OPENFRAMEWORKS\ADDONS\_MEDIALAB\MYFACETRACKER\OBJ\DEBUG\OFXCVIMAGE.OBJ
C:\USERS\MAURICIO\DOCUMENTS\MEDIALAB\OPENFRAMEWORKS\ADDONS\_MEDIALAB\MYFACETRACKER\OBJ\DEBUG\VC110.PDB
C:\USERS\MAURICIO\DOCUMENTS\MEDIALAB\OPENFRAMEWORKS\ADDONS\_MEDIALAB\MYFACETRACKER\BIN\BLINKSPACE_DEBUG.ILK
C:\USERS\MAURICIO\DOCUMENTS\MEDIALAB\OPENFRAMEWORKS\ADDONS\_MEDIALAB\MYFACETRACKER\BIN\BLINKSPACE_DEBUG.EXE
C:\USERS\MAURICIO\DOCUMENTS\MEDIALAB\OPENFRAMEWORKS\ADDONS\_MEDIALAB\MYFACETRACKER\BIN\BLINKSPACE_DEBUG_DEBUGINFO.PDB
C:\Users\mauricio\Documents\MediaLab\openframeworks\addons\_medialab\myFaceTracker\obj\Debug\Chromation.obj
C:\Users\mauricio\Documents\MediaLab\openframeworks\addons\_medialab\myFaceTracker\obj\Debug\FaceAnalizer.obj
C:\Users\mauricio\Documents\MediaLab\openframeworks\addons\_medialab\myFaceTracker\obj\Debug\FaceData.obj
C:\Users\mauricio\Documents\MediaLab\openframeworks\addons\_medialab\myFaceTracker\obj\Debug\FaceFrame.obj
C:\Users\mauricio\Documents\MediaLab\openframeworks\addons\_medialab\myFaceTracker\obj\Debug\FaceFrameWalrus.obj
C:\Users\mauricio\Documents\MediaLab\openframeworks\addons\_medialab\myFaceTracker\obj\Debug\FacesManagerTraces.obj
C:\Users\mauricio\Documents\MediaLab\openframeworks\addons\_medialab\myFaceTracker\obj\Debug\FacesManagerWalrus.obj
C:\Users\mauricio\Documents\MediaLab\openframeworks\addons\_medialab\myFaceTracker\obj\Debug\FaceTrackerManager.obj
C:\Users\mauricio\Documents\MediaLab\openframeworks\addons\_medialab\myFaceTracker\obj\Debug\FaceWalrus.obj
C:\Users\mauricio\Documents\MediaLab\openframeworks\addons\_medialab\myFaceTracker\obj\Debug\FTHelper.obj
C:\Users\mauricio\Documents\MediaLab\openframeworks\addons\_medialab\myFaceTracker\obj\Debug\IpEndpointName.obj
C:\Users\mauricio\Documents\MediaLab\openframeworks\addons\_medialab\myFaceTracker\obj\Debug\KinectManager.obj
C:\Users\mauricio\Documents\MediaLab\openframeworks\addons\_medialab\myFaceTracker\obj\Debug\KinectSensor.obj
C:\Users\mauricio\Documents\MediaLab\openframeworks\addons\_medialab\myFaceTracker\obj\Debug\main.obj
C:\Users\mauricio\Documents\MediaLab\openframeworks\addons\_medialab\myFaceTracker\obj\Debug\MatrixVibroSound.obj
C:\Users\mauricio\Documents\MediaLab\openframeworks\addons\_medialab\myFaceTracker\obj\Debug\MidiGenerator.obj
C:\Users\mauricio\Documents\MediaLab\openframeworks\addons\_medialab\myFaceTracker\obj\Debug\NetworkingUtils.obj
C:\Users\mauricio\Documents\MediaLab\openframeworks\addons\_medialab\myFaceTracker\obj\Debug\NetworkingUtilsWin.obj
C:\Users\mauricio\Documents\MediaLab\openframeworks\addons\_medialab\myFaceTracker\obj\Debug\ofxBaseMidi.obj
C:\Users\mauricio\Documents\MediaLab\openframeworks\addons\_medialab\myFaceTracker\obj\Debug\ofxCvColorImage.obj
C:\Users\mauricio\Documents\MediaLab\openframeworks\addons\_medialab\myFaceTracker\obj\Debug\ofxCvContourFinder.obj
C:\Users\mauricio\Documents\MediaLab\openframeworks\addons\_medialab\myFaceTracker\obj\Debug\ofxCvFloatImage.obj
C:\Users\mauricio\Documents\MediaLab\openframeworks\addons\_medialab\myFaceTracker\obj\Debug\ofxCvGrayscaleImage.obj
C:\Users\mauricio\Documents\MediaLab\openframeworks\addons\_medialab\myFaceTracker\obj\Debug\ofxCvHaarFinder.obj
C:\Users\mauricio\Documents\MediaLab\openframeworks\addons\_medialab\myFaceTracker\obj\Debug\ofxCvImage.obj
C:\Users\mauricio\Documents\MediaLab\openframeworks\addons\_medialab\myFaceTracker\obj\Debug\ofxCvShortImage.obj
C:\Users\mauricio\Documents\MediaLab\openframeworks\addons\_medialab\myFaceTracker\obj\Debug\ofxMidi.obj
C:\Users\mauricio\Documents\MediaLab\openframeworks\addons\_medialab\myFaceTracker\obj\Debug\ofxMidiIn.obj
C:\Users\mauricio\Documents\MediaLab\openframeworks\addons\_medialab\myFaceTracker\obj\Debug\ofxMidiMessage.obj
C:\Users\mauricio\Documents\MediaLab\openframeworks\addons\_medialab\myFaceTracker\obj\Debug\ofxMidiOut.obj
C:\Users\mauricio\Documents\MediaLab\openframeworks\addons\_medialab\myFaceTracker\obj\Debug\ofxOscBundle.obj
C:\Users\mauricio\Documents\MediaLab\openframeworks\addons\_medialab\myFaceTracker\obj\Debug\ofxOscMessage.obj
C:\Users\mauricio\Documents\MediaLab\openframeworks\addons\_medialab\myFaceTracker\obj\Debug\ofxOscReceiver.obj
C:\Users\mauricio\Documents\MediaLab\openframeworks\addons\_medialab\myFaceTracker\obj\Debug\ofxOscSender.obj
C:\Users\mauricio\Documents\MediaLab\openframeworks\addons\_medialab\myFaceTracker\obj\Debug\ofxRtMidiIn.obj
C:\Users\mauricio\Documents\MediaLab\openframeworks\addons\_medialab\myFaceTracker\obj\Debug\ofxRtMidiOut.obj
C:\Users\mauricio\Documents\MediaLab\openframeworks\addons\_medialab\myFaceTracker\obj\Debug\ofxXmlSettings.obj
C:\Users\mauricio\Documents\MediaLab\openframeworks\addons\_medialab\myFaceTracker\obj\Debug\OscOutboundPacketStream.obj
C:\Users\mauricio\Documents\MediaLab\openframeworks\addons\_medialab\myFaceTracker\obj\Debug\OscPrintReceivedElements.obj
C:\Users\mauricio\Documents\MediaLab\openframeworks\addons\_medialab\myFaceTracker\obj\Debug\OscReceivedElements.obj
C:\Users\mauricio\Documents\MediaLab\openframeworks\addons\_medialab\myFaceTracker\obj\Debug\OscTypes.obj
C:\Users\mauricio\Documents\MediaLab\openframeworks\addons\_medialab\myFaceTracker\obj\Debug\RtMidi.obj
C:\Users\mauricio\Documents\MediaLab\openframeworks\addons\_medialab\myFaceTracker\obj\Debug\stdafx.obj
C:\Users\mauricio\Documents\MediaLab\openframeworks\addons\_medialab\myFaceTracker\obj\Debug\tinyxml.obj
C:\Users\mauricio\Documents\MediaLab\openframeworks\addons\_medialab\myFaceTracker\obj\Debug\tinyxmlerror.obj
C:\Users\mauricio\Documents\MediaLab\openframeworks\addons\_medialab\myFaceTracker\obj\Debug\tinyxmlparser.obj
C:\Users\mauricio\Documents\MediaLab\openframeworks\addons\_medialab\myFaceTracker\obj\Debug\tom.obj
C:\Users\mauricio\Documents\MediaLab\openframeworks\addons\_medialab\myFaceTracker\obj\Debug\Traces.obj
C:\Users\mauricio\Documents\MediaLab\openframeworks\addons\_medialab\myFaceTracker\obj\Debug\UdpSocket.obj
C:\Users\mauricio\Documents\MediaLab\openframeworks\addons\_medialab\myFaceTracker\obj\Debug\UdpSocketWin.obj
C:\Users\mauricio\Documents\MediaLab\openframeworks\addons\_medialab\myFaceTracker\obj\Debug\VibrationGenerator.obj
C:\Users\mauricio\Documents\MediaLab\openframeworks\addons\_medialab\myFaceTracker\obj\Debug\VibrationPattern.obj
C:\Users\mauricio\Documents\MediaLab\openframeworks\addons\_medialab\myFaceTracker\obj\Debug\Visualize.obj
C:\Users\mauricio\Documents\MediaLab\openframeworks\addons\_medialab\myFaceTracker\obj\Debug\blinkSpace.write.1.tlog
C:\Users\mauricio\Documents\MediaLab\openframeworks\addons\_medialab\myFaceTracker\obj\Debug\cl.command.1.tlog
C:\Users\mauricio\Documents\MediaLab\openframeworks\addons\_medialab\myFaceTracker\obj\Debug\CL.read.1.tlog
C:\Users\mauricio\Documents\MediaLab\openframeworks\addons\_medialab\myFaceTracker\obj\Debug\CL.write.1.tlog
C:\Users\mauricio\Documents\MediaLab\openframeworks\addons\_medialab\myFaceTracker\obj\Debug\link-cvtres.read.1.tlog
C:\Users\mauricio\Documents\MediaLab\openframeworks\addons\_medialab\myFaceTracker\obj\Debug\link-cvtres.write.1.tlog
C:\Users\mauricio\Documents\MediaLab\openframeworks\addons\_medialab\myFaceTracker\obj\Debug\link-rc.read.1.tlog
C:\Users\mauricio\Documents\MediaLab\openframeworks\addons\_medialab\myFaceTracker\obj\Debug\link-rc.write.1.tlog
C:\Users\mauricio\Documents\MediaLab\openframeworks\addons\_medialab\myFaceTracker\obj\Debug\link.command.1.tlog
C:\Users\mauricio\Documents\MediaLab\openframeworks\addons\_medialab\myFaceTracker\obj\Debug\link.read.1.tlog
C:\Users\mauricio\Documents\MediaLab\openframeworks\addons\_medialab\myFaceTracker\obj\Debug\link.write.1.tlog
C:\Users\mauricio\Documents\MediaLab\openframeworks\addons\_medialab\myFaceTracker\obj\Debug\vc110.idb
C:\Users\mauricio\Documents\MediaLab\openframeworks\addons\_medialab\myFaceTracker\obj\Debug\vc110.pdb
C:\Users\mauricio\Documents\MediaLab\openframeworks\addons\_medialab\myFaceTracker\bin\blinkSpace_debug.exe
